<?xml version="1.0" encoding="UTF-8"?>
<!-- Generated by org.testng.reporters.JUnitXMLReporter -->
<testsuite ignored="0" hostname="LAPTOP-1QH4EF6J" failures="0" tests="5" name="book-flight-2" time="0.106" errors="0" timestamp="2023-08-28T19:05:47 IST">
  <testcase classname="com.newtours.tests.BookFlightTest" name="registrationPage" time="0.001">
    <skipped/>
  </testcase> <!-- registrationPage -->
  <testcase classname="com.newtours.tests.BookFlightTest" name="registrationConfirmationPage" time="0.0">
    <skipped/>
  </testcase> <!-- registrationConfirmationPage -->
  <testcase classname="com.newtours.tests.BookFlightTest" name="flightDetailsPage" time="0.0">
    <skipped/>
  </testcase> <!-- flightDetailsPage -->
  <testcase classname="com.newtours.tests.BookFlightTest" name="findFlightPage" time="0.0">
    <skipped/>
  </testcase> <!-- findFlightPage -->
  <testcase classname="com.newtours.tests.BookFlightTest" name="flightConfirmationPage" time="0.0">
    <skipped/>
  </testcase> <!-- flightConfirmationPage -->
</testsuite> <!-- book-flight-2 -->
